<?xml version="1.0" encoding="UTF-8"?><testsuite name="nosetests" tests="88" errors="0" failures="1" skip="0"><testcase classname="test_customer_views.TestDeleteDeviceTokens" name="test_get_device_called" time="0.586"></testcase><testcase classname="test_customer_views.TestDeleteDeviceTokens" name="test_token_deleted" time="0.005"></testcase><testcase classname="test_customer_views.TestEditProfile" name="test_correct_schema_used" time="0.007"></testcase><testcase classname="test_customer_views.TestEditProfile" name="test_edit_first_name_only" time="0.010"></testcase><testcase classname="test_customer_views.TestEditProfile" name="test_edit_last_name_only" time="0.008"></testcase><testcase classname="test_customer_views.TestEditProfile" name="test_edit_username_only" time="0.007"></testcase><testcase classname="test_customer_views.TestEditProfile" name="test_existing_username" time="0.008"></testcase><testcase classname="test_customer_views.TestEditProfile" name="test_get_device_called" time="0.006"></testcase><testcase classname="test_customer_views.TestEditProfile" name="test_unchanged_username" time="0.006"></testcase><testcase classname="test_customer_views.TestEditProfile" name="test_update_tsvector" time="0.008"></testcase><testcase classname="test_customer_views.TestGetACH" name="test_get_device_called" time="0.006"></testcase><testcase classname="test_customer_views.TestGetACH" name="test_wc_params" time="0.006"></testcase><testcase classname="test_customer_views.TestGetACH" name="test_wingcash_called" time="0.004"></testcase><testcase classname="test_customer_views.TestGetExpoToken" name="test_expotoken_returned" time="0.003"></testcase><testcase classname="test_customer_views.TestGetExpoToken" name="test_get_device_called" time="0.003"></testcase><testcase classname="test_customer_views.TestHistory" name="test_amount_is_returned" time="8.858"></testcase><testcase classname="test_customer_views.TestHistory" name="test_correct_schema_used" time="4.452"></testcase><testcase classname="test_customer_views.TestHistory" name="test_design_logo_image_url" time="2.355"></testcase><testcase classname="test_customer_views.TestHistory" name="test_design_query" time="2.484"></testcase><testcase classname="test_customer_views.TestHistory" name="test_design_title" time="0.893"></testcase><testcase classname="test_customer_views.TestHistory" name="test_get_device_called" time="1.667"></testcase><testcase classname="test_customer_views.TestHistory" name="test_get_wc_contact_args" time="1.148"></testcase><testcase classname="test_customer_views.TestHistory" name="test_has_more_is_returned" time="1.468"></testcase><testcase classname="test_customer_views.TestHistory" name="test_id_is_returned" time="1.327"></testcase><testcase classname="test_customer_views.TestHistory" name="test_multiple_results" time="4.885"></testcase><testcase classname="test_customer_views.TestHistory" name="test_purchase_type" time="0.005"></testcase><testcase classname="test_customer_views.TestHistory" name="test_receive_type" time="0.007"></testcase><testcase classname="test_customer_views.TestHistory" name="test_recipient_counter_party" time="0.006"></testcase><testcase classname="test_customer_views.TestHistory" name="test_redeem_type" time="0.006"></testcase><testcase classname="test_customer_views.TestHistory" name="test_send_type" time="23.748"><failure type="builtins.AssertionError" message="'redeem' != 'send'&#10;- redeem&#10;+ send&#10;"><![CDATA[Traceback (most recent call last):
  File "C:\Users\willi\AppData\Local\Programs\Python\Python37\lib\unittest\case.py", line 59, in testPartExecutor
    yield
  File "C:\Users\willi\AppData\Local\Programs\Python\Python37\lib\unittest\case.py", line 628, in run
    testMethod()
  File "C:\Users\willi\AppData\Local\Programs\Python\Python37\lib\unittest\mock.py", line 1209, in patched
    return func(*args, **keywargs)
  File "c:\Users\willi\Documents\Work\FerlySite\backend\appapi\views\tests\test_customer_views.py", line 1323, in test_send_type
    self.assertEqual(transfer['transfer_type'], 'send')
  File "C:\Users\willi\AppData\Local\Programs\Python\Python37\lib\unittest\case.py", line 852, in assertEqual
    assertion_func(first, second, msg=msg)
  File "C:\Users\willi\AppData\Local\Programs\Python\Python37\lib\unittest\case.py", line 1233, in assertMultiLineEqual
    self.fail(self._formatMessage(msg, standardMsg))
  File "C:\Users\willi\AppData\Local\Programs\Python\Python37\lib\unittest\case.py", line 693, in fail
    raise self.failureException(msg)
AssertionError: 'redeem' != 'send'
- redeem
+ send

]]></failure></testcase><testcase classname="test_customer_views.TestHistory" name="test_sender_counter_party" time="13.163"></testcase><testcase classname="test_customer_views.TestHistory" name="test_timestamp_is_returned" time="0.006"></testcase><testcase classname="test_customer_views.TestHistory" name="test_unrecognized_customer_role" time="0.005"></testcase><testcase classname="test_customer_views.TestHistory" name="test_unrecognized_design" time="0.006"></testcase><testcase classname="test_customer_views.TestIsCustomer" name="test_correct_schema_used" time="5.375"></testcase><testcase classname="test_customer_views.TestIsCustomer" name="test_dont_find_wrong_device" time="0.008"></testcase><testcase classname="test_customer_views.TestIsCustomer" name="test_expected_env_mismatch" time="0.002"></testcase><testcase classname="test_customer_views.TestIsCustomer" name="test_invalid_deviceToken" time="0.005"></testcase><testcase classname="test_customer_views.TestIsCustomer" name="test_valid_deviceToken" time="0.006"></testcase><testcase classname="test_customer_views.TestLogInfo" name="test_get_device_called" time="0.032"></testcase><testcase classname="test_customer_views.TestLogInfo" name="test_log_info_called" time="0.008"></testcase><testcase classname="test_customer_views.TestLogInfoInitial" name="test_get_device_called" time="0.004"></testcase><testcase classname="test_customer_views.TestLogInfoInitial" name="test_log_info_called" time="0.003"></testcase><testcase classname="test_customer_views.TestRequestCard" name="test_address_error" time="0.002"></testcase><testcase classname="test_customer_views.TestRequestCard" name="test_card_request_added" time="0.021"></testcase><testcase classname="test_customer_views.TestRequestCard" name="test_correct_schema_used" time="0.009"></testcase><testcase classname="test_customer_views.TestRequestCard" name="test_get_device_called" time="0.009"></testcase><testcase classname="test_customer_views.TestRequestCard" name="test_malicious_input" time="0.010"></testcase><testcase classname="test_customer_views.TestRequestCard" name="test_no_usps_username_exception" time="0.002"></testcase><testcase classname="test_customer_views.TestRequestCard" name="test_return_values" time="0.012"></testcase><testcase classname="test_customer_views.TestRequestCard" name="test_usps_args" time="0.010"></testcase><testcase classname="test_customer_views.TestRequestCard" name="test_usps_connection_fails" time="0.004"></testcase><testcase classname="test_customer_views.TestRequestCard" name="test_usps_request_error" time="0.004"></testcase><testcase classname="test_customer_views.TestSend" name="test_correct_schema_used" time="6.791"></testcase><testcase classname="test_customer_views.TestSend" name="test_get_device_called" time="0.011"></testcase><testcase classname="test_customer_views.TestSend" name="test_invalid_design" time="0.007"></testcase><testcase classname="test_customer_views.TestSend" name="test_success_not_customer" time="6.868"></testcase><testcase classname="test_customer_views.TestSend" name="test_success_without_message" time="0.019"></testcase><testcase classname="test_customer_views.TestSend" name="test_with_message" time="0.015"></testcase><testcase classname="test_customer_views.TestTrade" name="test_correct_schema_used" time="0.009"></testcase><testcase classname="test_customer_views.TestTrade" name="test_customer" time="0.007"><system-out><![CDATA[worked
]]></system-out></testcase><testcase classname="test_customer_views.TestTrade" name="test_get_device_called" time="0.010"></testcase><testcase classname="test_customer_views.TestTrade" name="test_invalid_design" time="0.008"></testcase><testcase classname="test_customer_views.TestTrade" name="test_success" time="0.016"></testcase><testcase classname="test_customer_views.TestTransfer" name="test_business_counter_party_should_have_no_profile_image_url" time="0.014"></testcase><testcase classname="test_customer_views.TestTransfer" name="test_correct_schema_used" time="0.007"></testcase><testcase classname="test_customer_views.TestTransfer" name="test_get_device_called" time="0.005"></testcase><testcase classname="test_customer_views.TestTransfer" name="test_get_wc_contact_args" time="0.009"></testcase><testcase classname="test_customer_views.TestTransfer" name="test_message_is_returned" time="0.011"></testcase><testcase classname="test_customer_views.TestTransfer" name="test_no_customer_found_for_counter_party" time="0.011"></testcase><testcase classname="test_customer_views.TestTransfer" name="test_permission_denied" time="0.008"></testcase><testcase classname="test_customer_views.TestTransfer" name="test_recipient_counter_party" time="0.015"></testcase><testcase classname="test_customer_views.TestTransfer" name="test_sender_counter_party" time="0.017"></testcase><testcase classname="test_customer_views.Test_Signup" name="test_already_registered" time="0.009"></testcase><testcase classname="test_customer_views.Test_Signup" name="test_correct_schema_used" time="0.008"></testcase><testcase classname="test_customer_views.Test_Signup" name="test_deny_existing_username" time="0.010"></testcase><testcase classname="test_customer_views.Test_add_individual" name="test_add_customer_and_device" time="0.021"></testcase><testcase classname="test_customer_views.Test_add_individual" name="test_already_registered" time="0.008"></testcase><testcase classname="test_customer_views.Test_add_individual" name="test_correct_schema_used" time="0.012"></testcase><testcase classname="test_customer_views.Test_add_individual" name="test_deny_existing_username" time="0.011"></testcase><testcase classname="test_customer_views.Test_add_individual" name="test_wc_contact_params" time="0.013"></testcase><testcase classname="test_customer_views.Test_set_signup_data" name="test_correct_schema_used" time="0.004"></testcase><testcase classname="test_customer_views.Test_set_signup_finish" name="test_correct_schema_used" time="0.004"></testcase><testcase classname="test_customer_views.Testsignup" name="test_correct_schema_used" time="0.012"></testcase><testcase classname="test_customer_views.Testsignup" name="test_device_already_exists" time="0.011"></testcase><testcase classname="test_customer_views.Testsignup" name="test_username_already_exists" time="0.010"></testcase><testcase classname="test_customer_views.Testsignup" name="test_wc_params" time="0.016"></testcase><testcase classname="test_customer_views.Testsignup" name="test_wingcash_called" time="0.010"></testcase></testsuite>